<?xml version="1.0" encoding="UTF-8"?>
<!-- Generated by org.testng.reporters.JUnitReportReporter -->
<testsuite hostname="Pro-Lingeaswaraan" failures="0" tests="3" name="Emps.TestClass" time="0.058" errors="0" timestamp="2022-07-23T13:05:23 IST" skipped="0">
  <testcase classname="Emps.TestClass" name="test2" time="0.003"/>
  <system-out/>
  <testcase classname="Emps.TestClass" name="test1" time="0.052"/>
  <system-out/>
  <testcase classname="Emps.TestClass" name="test3" time="0.003"/>
  <system-out/>
</testsuite> <!-- Emps.TestClass -->
