<?xml version="1.0" encoding="UTF-8"?>
<!-- Generated by org.testng.reporters.JUnitReportReporter -->
<testsuite hostname="Pro-Lingeaswaraan" failures="0" tests="1" name="Login.LoginPage" time="4.451" errors="0" timestamp="19 Jul 2022 10:05:34 GMT" skipped="0">
  <testcase classname="Login.LoginPage" name="sample" time="4.451"/>
</testsuite> <!-- Login.LoginPage -->
